2025-08-07 13:41:58,765 DEBUG    root            Loaded Command Group: ['gcloud', 'components']
2025-08-07 13:41:58,768 DEBUG    root            Loaded Command Group: ['gcloud', 'components', 'update']
2025-08-07 13:41:58,770 DEBUG    root            Running [gcloud.components.update] with arguments: [--compile-python: "True", --quiet: "True", COMPONENT-IDS:6: "['core', 'gcloud-deps', 'bq', 'gcloud', 'gcloud-crc32c', 'gsutil']"]
2025-08-07 13:41:58,772 INFO     ___FILE_ONLY___ Beginning update. This process may take several minutes.

2025-08-07 13:41:58,809 DEBUG    urllib3.connectionpool Starting new HTTPS connection (1): dl.google.com:443
2025-08-07 13:41:58,826 DEBUG    urllib3.connectionpool https://dl.google.com:443 "GET /dl/cloudsdk/channels/rapid/components-2.json HTTP/11" 200 239806
2025-08-07 13:41:58,839 INFO     ___FILE_ONLY___ 

2025-08-07 13:41:58,840 INFO     ___FILE_ONLY___ 
Your current Google Cloud CLI version is: 533.0.0

2025-08-07 13:41:58,840 INFO     ___FILE_ONLY___ Installing components from version: 533.0.0

2025-08-07 13:41:58,840 INFO     ___FILE_ONLY___ 

2025-08-07 13:41:58,840 DEBUG    root            Chosen display Format:table[box,title="These components will be removed."](details.display_name:label=Name:align=left,version.version_string:label=Version:align=right,data.size.size(zero="",min=1048576):label=Size:align=right)
2025-08-07 13:41:58,841 DEBUG    root            Chosen display Format:table[box,title="These components will be updated."](details.display_name:label=Name:align=left,version.version_string:label=Version:align=right,data.size.size(zero="",min=1048576):label=Size:align=right)
2025-08-07 13:41:58,842 DEBUG    root            Chosen display Format:table[box,title="These components will be installed."](details.display_name:label=Name:align=left,version.version_string:label=Version:align=right,data.size.size(zero="",min=1048576):label=Size:align=right)
2025-08-07 13:41:58,891 INFO     ___FILE_ONLY___ ┌─────────────────────────────────────────────────────────────────────────────┐
2025-08-07 13:41:58,891 INFO     ___FILE_ONLY___ 

2025-08-07 13:41:58,891 INFO     ___FILE_ONLY___ │                     These components will be installed.                     │
2025-08-07 13:41:58,891 INFO     ___FILE_ONLY___ 

2025-08-07 13:41:58,891 INFO     ___FILE_ONLY___ ├─────────────────────────────────────────────────────┬────────────┬──────────┤
2025-08-07 13:41:58,891 INFO     ___FILE_ONLY___ 

2025-08-07 13:41:58,891 INFO     ___FILE_ONLY___ │                         Name                        │  Version   │   Size   │
2025-08-07 13:41:58,891 INFO     ___FILE_ONLY___ 

2025-08-07 13:41:58,892 INFO     ___FILE_ONLY___ ├─────────────────────────────────────────────────────┼────────────┼──────────┤
2025-08-07 13:41:58,892 INFO     ___FILE_ONLY___ 

2025-08-07 13:41:58,892 INFO     ___FILE_ONLY___ │ 
2025-08-07 13:41:58,892 INFO     ___FILE_ONLY___ BigQuery Command Line Tool                         
2025-08-07 13:41:58,892 INFO     ___FILE_ONLY___  
2025-08-07 13:41:58,892 INFO     ___FILE_ONLY___ │ 
2025-08-07 13:41:58,892 INFO     ___FILE_ONLY___     2.1.22
2025-08-07 13:41:58,892 INFO     ___FILE_ONLY___  
2025-08-07 13:41:58,892 INFO     ___FILE_ONLY___ │ 
2025-08-07 13:41:58,892 INFO     ___FILE_ONLY___  1.8 MiB
2025-08-07 13:41:58,892 INFO     ___FILE_ONLY___  
2025-08-07 13:41:58,892 INFO     ___FILE_ONLY___ │
2025-08-07 13:41:58,892 INFO     ___FILE_ONLY___ 

2025-08-07 13:41:58,892 INFO     ___FILE_ONLY___ │ 
2025-08-07 13:41:58,893 INFO     ___FILE_ONLY___ BigQuery Command Line Tool (Platform Specific)     
2025-08-07 13:41:58,893 INFO     ___FILE_ONLY___  
2025-08-07 13:41:58,893 INFO     ___FILE_ONLY___ │ 
2025-08-07 13:41:58,893 INFO     ___FILE_ONLY___     2.1.17
2025-08-07 13:41:58,893 INFO     ___FILE_ONLY___  
2025-08-07 13:41:58,893 INFO     ___FILE_ONLY___ │ 
2025-08-07 13:41:58,893 INFO     ___FILE_ONLY___  < 1 MiB
2025-08-07 13:41:58,893 INFO     ___FILE_ONLY___  
2025-08-07 13:41:58,893 INFO     ___FILE_ONLY___ │
2025-08-07 13:41:58,893 INFO     ___FILE_ONLY___ 

2025-08-07 13:41:58,893 INFO     ___FILE_ONLY___ │ 
2025-08-07 13:41:58,893 INFO     ___FILE_ONLY___ Bundled Python 3.12 (Platform Specific)            
2025-08-07 13:41:58,893 INFO     ___FILE_ONLY___  
2025-08-07 13:41:58,894 INFO     ___FILE_ONLY___ │ 
2025-08-07 13:41:58,894 INFO     ___FILE_ONLY___     3.12.9
2025-08-07 13:41:58,894 INFO     ___FILE_ONLY___  
2025-08-07 13:41:58,894 INFO     ___FILE_ONLY___ │ 
2025-08-07 13:41:58,894 INFO     ___FILE_ONLY___ 89.3 MiB
2025-08-07 13:41:58,894 INFO     ___FILE_ONLY___  
2025-08-07 13:41:58,894 INFO     ___FILE_ONLY___ │
2025-08-07 13:41:58,894 INFO     ___FILE_ONLY___ 

2025-08-07 13:41:58,894 INFO     ___FILE_ONLY___ │ 
2025-08-07 13:41:58,894 INFO     ___FILE_ONLY___ Cloud Storage Command Line Tool                    
2025-08-07 13:41:58,894 INFO     ___FILE_ONLY___  
2025-08-07 13:41:58,894 INFO     ___FILE_ONLY___ │ 
2025-08-07 13:41:58,894 INFO     ___FILE_ONLY___       5.35
2025-08-07 13:41:58,894 INFO     ___FILE_ONLY___  
2025-08-07 13:41:58,895 INFO     ___FILE_ONLY___ │ 
2025-08-07 13:41:58,895 INFO     ___FILE_ONLY___ 12.4 MiB
2025-08-07 13:41:58,895 INFO     ___FILE_ONLY___  
2025-08-07 13:41:58,895 INFO     ___FILE_ONLY___ │
2025-08-07 13:41:58,895 INFO     ___FILE_ONLY___ 

2025-08-07 13:41:58,895 INFO     ___FILE_ONLY___ │ 
2025-08-07 13:41:58,895 INFO     ___FILE_ONLY___ Cloud Storage Command Line Tool (Platform Specific)
2025-08-07 13:41:58,895 INFO     ___FILE_ONLY___  
2025-08-07 13:41:58,895 INFO     ___FILE_ONLY___ │ 
2025-08-07 13:41:58,895 INFO     ___FILE_ONLY___       5.34
2025-08-07 13:41:58,895 INFO     ___FILE_ONLY___  
2025-08-07 13:41:58,895 INFO     ___FILE_ONLY___ │ 
2025-08-07 13:41:58,895 INFO     ___FILE_ONLY___  < 1 MiB
2025-08-07 13:41:58,895 INFO     ___FILE_ONLY___  
2025-08-07 13:41:58,895 INFO     ___FILE_ONLY___ │
2025-08-07 13:41:58,896 INFO     ___FILE_ONLY___ 

2025-08-07 13:41:58,896 INFO     ___FILE_ONLY___ │ 
2025-08-07 13:41:58,896 INFO     ___FILE_ONLY___ Google Cloud CLI Core Libraries (Platform Specific)
2025-08-07 13:41:58,896 INFO     ___FILE_ONLY___  
2025-08-07 13:41:58,896 INFO     ___FILE_ONLY___ │ 
2025-08-07 13:41:58,896 INFO     ___FILE_ONLY___ 2025.05.23
2025-08-07 13:41:58,896 INFO     ___FILE_ONLY___  
2025-08-07 13:41:58,896 INFO     ___FILE_ONLY___ │ 
2025-08-07 13:41:58,896 INFO     ___FILE_ONLY___  < 1 MiB
2025-08-07 13:41:58,896 INFO     ___FILE_ONLY___  
2025-08-07 13:41:58,896 INFO     ___FILE_ONLY___ │
2025-08-07 13:41:58,896 INFO     ___FILE_ONLY___ 

2025-08-07 13:41:58,896 INFO     ___FILE_ONLY___ │ 
2025-08-07 13:41:58,896 INFO     ___FILE_ONLY___ Google Cloud CRC32C Hash Tool (Platform Specific)  
2025-08-07 13:41:58,896 INFO     ___FILE_ONLY___  
2025-08-07 13:41:58,896 INFO     ___FILE_ONLY___ │ 
2025-08-07 13:41:58,897 INFO     ___FILE_ONLY___      1.0.0
2025-08-07 13:41:58,897 INFO     ___FILE_ONLY___  
2025-08-07 13:41:58,897 INFO     ___FILE_ONLY___ │ 
2025-08-07 13:41:58,897 INFO     ___FILE_ONLY___  1.5 MiB
2025-08-07 13:41:58,897 INFO     ___FILE_ONLY___  
2025-08-07 13:41:58,897 INFO     ___FILE_ONLY___ │
2025-08-07 13:41:58,897 INFO     ___FILE_ONLY___ 

2025-08-07 13:41:58,897 INFO     ___FILE_ONLY___ │ 
2025-08-07 13:41:58,897 INFO     ___FILE_ONLY___ gcloud cli dependencies (Platform Specific)        
2025-08-07 13:41:58,897 INFO     ___FILE_ONLY___  
2025-08-07 13:41:58,897 INFO     ___FILE_ONLY___ │ 
2025-08-07 13:41:58,897 INFO     ___FILE_ONLY___ 2021.04.16
2025-08-07 13:41:58,897 INFO     ___FILE_ONLY___  
2025-08-07 13:41:58,897 INFO     ___FILE_ONLY___ │ 
2025-08-07 13:41:58,897 INFO     ___FILE_ONLY___  < 1 MiB
2025-08-07 13:41:58,897 INFO     ___FILE_ONLY___  
2025-08-07 13:41:58,897 INFO     ___FILE_ONLY___ │
2025-08-07 13:41:58,897 INFO     ___FILE_ONLY___ 

2025-08-07 13:41:58,897 INFO     ___FILE_ONLY___ └─────────────────────────────────────────────────────┴────────────┴──────────┘
2025-08-07 13:41:58,897 INFO     ___FILE_ONLY___ 

2025-08-07 13:41:58,898 INFO     ___FILE_ONLY___ 

2025-08-07 13:41:58,901 DEBUG    urllib3.connectionpool Starting new HTTPS connection (1): dl.google.com:443
2025-08-07 13:41:58,913 DEBUG    urllib3.connectionpool https://dl.google.com:443 "GET /dl/cloudsdk/channels/rapid/RELEASE_NOTES HTTP/11" 200 1462763
2025-08-07 13:41:59,379 INFO     ___FILE_ONLY___ For the latest full release notes, please visit:
  https://cloud.google.com/sdk/release_notes


2025-08-07 13:41:59,380 INFO     ___FILE_ONLY___ Performing in place update...


2025-08-07 13:41:59,382 INFO     ___FILE_ONLY___ ╔════════════════════════════════════════════════════════════╗

2025-08-07 13:41:59,382 INFO     ___FILE_ONLY___ ╠═ Downloading: BigQuery Command Line Tool                  ═╣

2025-08-07 13:41:59,382 INFO     ___FILE_ONLY___ ╚
2025-08-07 13:41:59,385 DEBUG    urllib3.connectionpool Starting new HTTPS connection (1): dl.google.com:443
2025-08-07 13:41:59,398 DEBUG    urllib3.connectionpool https://dl.google.com:443 "GET /dl/cloudsdk/channels/rapid/components/google-cloud-sdk-bq-20250801150402.tar.gz HTTP/11" 200 1856357
2025-08-07 13:41:59,409 INFO     ___FILE_ONLY___ ═
2025-08-07 13:41:59,409 INFO     ___FILE_ONLY___ ═
2025-08-07 13:41:59,410 INFO     ___FILE_ONLY___ ═
2025-08-07 13:41:59,410 INFO     ___FILE_ONLY___ ═
2025-08-07 13:41:59,410 INFO     ___FILE_ONLY___ ═
2025-08-07 13:41:59,410 INFO     ___FILE_ONLY___ ═
2025-08-07 13:41:59,410 INFO     ___FILE_ONLY___ ═
2025-08-07 13:41:59,410 INFO     ___FILE_ONLY___ ═
2025-08-07 13:41:59,410 INFO     ___FILE_ONLY___ ═
2025-08-07 13:41:59,410 INFO     ___FILE_ONLY___ ═
2025-08-07 13:41:59,410 INFO     ___FILE_ONLY___ ═
2025-08-07 13:41:59,411 INFO     ___FILE_ONLY___ ═
2025-08-07 13:41:59,411 INFO     ___FILE_ONLY___ ═
2025-08-07 13:41:59,411 INFO     ___FILE_ONLY___ ═
2025-08-07 13:41:59,411 INFO     ___FILE_ONLY___ ═
2025-08-07 13:41:59,411 INFO     ___FILE_ONLY___ ═
2025-08-07 13:41:59,411 INFO     ___FILE_ONLY___ ═
2025-08-07 13:41:59,411 INFO     ___FILE_ONLY___ ═
2025-08-07 13:41:59,411 INFO     ___FILE_ONLY___ ═
2025-08-07 13:41:59,412 INFO     ___FILE_ONLY___ ═
2025-08-07 13:41:59,412 INFO     ___FILE_ONLY___ ═
2025-08-07 13:41:59,412 INFO     ___FILE_ONLY___ ═
2025-08-07 13:41:59,412 INFO     ___FILE_ONLY___ ═
2025-08-07 13:41:59,412 INFO     ___FILE_ONLY___ ═
2025-08-07 13:41:59,412 INFO     ___FILE_ONLY___ ═
2025-08-07 13:41:59,412 INFO     ___FILE_ONLY___ ═
2025-08-07 13:41:59,412 INFO     ___FILE_ONLY___ ═
2025-08-07 13:41:59,413 INFO     ___FILE_ONLY___ ═
2025-08-07 13:41:59,413 INFO     ___FILE_ONLY___ ═
2025-08-07 13:41:59,413 INFO     ___FILE_ONLY___ ═
2025-08-07 13:41:59,413 INFO     ___FILE_ONLY___ ═
2025-08-07 13:41:59,413 INFO     ___FILE_ONLY___ ═
2025-08-07 13:41:59,413 INFO     ___FILE_ONLY___ ═
2025-08-07 13:41:59,413 INFO     ___FILE_ONLY___ ═
2025-08-07 13:41:59,414 INFO     ___FILE_ONLY___ ═
2025-08-07 13:41:59,414 INFO     ___FILE_ONLY___ ═
2025-08-07 13:41:59,414 INFO     ___FILE_ONLY___ ═
2025-08-07 13:41:59,414 INFO     ___FILE_ONLY___ ═
2025-08-07 13:41:59,414 INFO     ___FILE_ONLY___ ═
2025-08-07 13:41:59,414 INFO     ___FILE_ONLY___ ═
2025-08-07 13:41:59,414 INFO     ___FILE_ONLY___ ═
2025-08-07 13:41:59,414 INFO     ___FILE_ONLY___ ═
2025-08-07 13:41:59,415 INFO     ___FILE_ONLY___ ═
2025-08-07 13:41:59,415 INFO     ___FILE_ONLY___ ═
2025-08-07 13:41:59,415 INFO     ___FILE_ONLY___ ═
2025-08-07 13:41:59,415 INFO     ___FILE_ONLY___ ═
2025-08-07 13:41:59,415 INFO     ___FILE_ONLY___ ═
2025-08-07 13:41:59,415 INFO     ___FILE_ONLY___ ═
2025-08-07 13:41:59,415 INFO     ___FILE_ONLY___ ═
2025-08-07 13:41:59,415 INFO     ___FILE_ONLY___ ═
2025-08-07 13:41:59,415 INFO     ___FILE_ONLY___ ═
2025-08-07 13:41:59,416 INFO     ___FILE_ONLY___ ═
2025-08-07 13:41:59,416 INFO     ___FILE_ONLY___ ═
2025-08-07 13:41:59,416 INFO     ___FILE_ONLY___ ═
2025-08-07 13:41:59,416 INFO     ___FILE_ONLY___ ═
2025-08-07 13:41:59,416 INFO     ___FILE_ONLY___ ═
2025-08-07 13:41:59,416 INFO     ___FILE_ONLY___ ═
2025-08-07 13:41:59,416 INFO     ___FILE_ONLY___ ═
2025-08-07 13:41:59,416 INFO     ___FILE_ONLY___ ═
2025-08-07 13:41:59,417 INFO     ___FILE_ONLY___ ═
2025-08-07 13:41:59,417 INFO     ___FILE_ONLY___ ╝

2025-08-07 13:41:59,419 INFO     ___FILE_ONLY___ ╔════════════════════════════════════════════════════════════╗

2025-08-07 13:41:59,419 INFO     ___FILE_ONLY___ ╠═ Downloading: BigQuery Command Line Tool (Platform Spe... ═╣

2025-08-07 13:41:59,419 INFO     ___FILE_ONLY___ ╚
2025-08-07 13:41:59,422 DEBUG    urllib3.connectionpool Starting new HTTPS connection (1): dl.google.com:443
2025-08-07 13:41:59,432 DEBUG    urllib3.connectionpool https://dl.google.com:443 "GET /dl/cloudsdk/channels/rapid/components/google-cloud-sdk-bq-nix-20250523104322.tar.gz HTTP/11" 200 1935
2025-08-07 13:41:59,432 INFO     ___FILE_ONLY___ ════════════════════════════════════════════════════════════
2025-08-07 13:41:59,432 INFO     ___FILE_ONLY___ ╝

2025-08-07 13:41:59,434 INFO     ___FILE_ONLY___ ╔════════════════════════════════════════════════════════════╗

2025-08-07 13:41:59,434 INFO     ___FILE_ONLY___ ╠═ Downloading: Bundled Python 3.12                         ═╣

2025-08-07 13:41:59,434 INFO     ___FILE_ONLY___ ╚
2025-08-07 13:41:59,435 INFO     ___FILE_ONLY___ ════════════════════════════════════════════════════════════
2025-08-07 13:41:59,435 INFO     ___FILE_ONLY___ ╝

2025-08-07 13:41:59,436 INFO     ___FILE_ONLY___ ╔════════════════════════════════════════════════════════════╗

2025-08-07 13:41:59,436 INFO     ___FILE_ONLY___ ╠═ Downloading: Bundled Python 3.12 (Platform Specific)     ═╣

2025-08-07 13:41:59,436 INFO     ___FILE_ONLY___ ╚
2025-08-07 13:41:59,439 DEBUG    urllib3.connectionpool Starting new HTTPS connection (1): dl.google.com:443
2025-08-07 13:41:59,486 DEBUG    urllib3.connectionpool https://dl.google.com:443 "GET /dl/cloudsdk/channels/rapid/components/google-cloud-sdk-bundled-python3-unix-linux-x86_64-20250502143716.tar.gz HTTP/11" 200 93610468
2025-08-07 13:41:59,794 INFO     ___FILE_ONLY___ ═
2025-08-07 13:41:59,796 INFO     ___FILE_ONLY___ ═
2025-08-07 13:41:59,797 INFO     ___FILE_ONLY___ ═
2025-08-07 13:41:59,799 INFO     ___FILE_ONLY___ ═
2025-08-07 13:41:59,801 INFO     ___FILE_ONLY___ ═
2025-08-07 13:41:59,802 INFO     ___FILE_ONLY___ ═
2025-08-07 13:41:59,804 INFO     ___FILE_ONLY___ ═
2025-08-07 13:41:59,805 INFO     ___FILE_ONLY___ ═
2025-08-07 13:41:59,807 INFO     ___FILE_ONLY___ ═
2025-08-07 13:41:59,809 INFO     ___FILE_ONLY___ ═
2025-08-07 13:41:59,810 INFO     ___FILE_ONLY___ ═
2025-08-07 13:41:59,812 INFO     ___FILE_ONLY___ ═
2025-08-07 13:41:59,813 INFO     ___FILE_ONLY___ ═
2025-08-07 13:41:59,815 INFO     ___FILE_ONLY___ ═
2025-08-07 13:41:59,817 INFO     ___FILE_ONLY___ ═
2025-08-07 13:41:59,818 INFO     ___FILE_ONLY___ ═
2025-08-07 13:41:59,820 INFO     ___FILE_ONLY___ ═
2025-08-07 13:41:59,821 INFO     ___FILE_ONLY___ ═
2025-08-07 13:41:59,823 INFO     ___FILE_ONLY___ ═
2025-08-07 13:41:59,825 INFO     ___FILE_ONLY___ ═
2025-08-07 13:41:59,826 INFO     ___FILE_ONLY___ ═
2025-08-07 13:41:59,828 INFO     ___FILE_ONLY___ ═
2025-08-07 13:41:59,829 INFO     ___FILE_ONLY___ ═
2025-08-07 13:41:59,831 INFO     ___FILE_ONLY___ ═
2025-08-07 13:41:59,833 INFO     ___FILE_ONLY___ ═
2025-08-07 13:41:59,834 INFO     ___FILE_ONLY___ ═
2025-08-07 13:41:59,836 INFO     ___FILE_ONLY___ ═
2025-08-07 13:41:59,837 INFO     ___FILE_ONLY___ ═
2025-08-07 13:41:59,839 INFO     ___FILE_ONLY___ ═
2025-08-07 13:41:59,841 INFO     ___FILE_ONLY___ ═
2025-08-07 13:41:59,842 INFO     ___FILE_ONLY___ ═
2025-08-07 13:41:59,844 INFO     ___FILE_ONLY___ ═
2025-08-07 13:41:59,845 INFO     ___FILE_ONLY___ ═
2025-08-07 13:41:59,847 INFO     ___FILE_ONLY___ ═
2025-08-07 13:41:59,849 INFO     ___FILE_ONLY___ ═
2025-08-07 13:41:59,850 INFO     ___FILE_ONLY___ ═
2025-08-07 13:41:59,852 INFO     ___FILE_ONLY___ ═
2025-08-07 13:41:59,853 INFO     ___FILE_ONLY___ ═
2025-08-07 13:41:59,855 INFO     ___FILE_ONLY___ ═
2025-08-07 13:41:59,857 INFO     ___FILE_ONLY___ ═
2025-08-07 13:41:59,858 INFO     ___FILE_ONLY___ ═
2025-08-07 13:41:59,860 INFO     ___FILE_ONLY___ ═
2025-08-07 13:41:59,861 INFO     ___FILE_ONLY___ ═
2025-08-07 13:41:59,863 INFO     ___FILE_ONLY___ ═
2025-08-07 13:41:59,865 INFO     ___FILE_ONLY___ ═
2025-08-07 13:41:59,866 INFO     ___FILE_ONLY___ ═
2025-08-07 13:41:59,868 INFO     ___FILE_ONLY___ ═
2025-08-07 13:41:59,869 INFO     ___FILE_ONLY___ ═
2025-08-07 13:41:59,871 INFO     ___FILE_ONLY___ ═
2025-08-07 13:41:59,873 INFO     ___FILE_ONLY___ ═
2025-08-07 13:41:59,874 INFO     ___FILE_ONLY___ ═
2025-08-07 13:41:59,876 INFO     ___FILE_ONLY___ ═
2025-08-07 13:41:59,877 INFO     ___FILE_ONLY___ ═
2025-08-07 13:41:59,879 INFO     ___FILE_ONLY___ ═
2025-08-07 13:41:59,881 INFO     ___FILE_ONLY___ ═
2025-08-07 13:41:59,882 INFO     ___FILE_ONLY___ ═
2025-08-07 13:41:59,884 INFO     ___FILE_ONLY___ ═
2025-08-07 13:41:59,885 INFO     ___FILE_ONLY___ ═
2025-08-07 13:41:59,887 INFO     ___FILE_ONLY___ ═
2025-08-07 13:41:59,889 INFO     ___FILE_ONLY___ ═
2025-08-07 13:41:59,889 INFO     ___FILE_ONLY___ ╝

2025-08-07 13:41:59,891 INFO     ___FILE_ONLY___ ╔════════════════════════════════════════════════════════════╗

2025-08-07 13:41:59,891 INFO     ___FILE_ONLY___ ╠═ Downloading: Cloud Storage Command Line Tool             ═╣

2025-08-07 13:41:59,891 INFO     ___FILE_ONLY___ ╚
2025-08-07 13:41:59,894 DEBUG    urllib3.connectionpool Starting new HTTPS connection (1): dl.google.com:443
2025-08-07 13:41:59,905 DEBUG    urllib3.connectionpool https://dl.google.com:443 "GET /dl/cloudsdk/channels/rapid/components/google-cloud-sdk-gsutil-20250627154417.tar.gz HTTP/11" 200 12962791
2025-08-07 13:41:59,950 INFO     ___FILE_ONLY___ ═
2025-08-07 13:41:59,950 INFO     ___FILE_ONLY___ ═
2025-08-07 13:41:59,951 INFO     ___FILE_ONLY___ ═
2025-08-07 13:41:59,951 INFO     ___FILE_ONLY___ ═
2025-08-07 13:41:59,951 INFO     ___FILE_ONLY___ ═
2025-08-07 13:41:59,951 INFO     ___FILE_ONLY___ ═
2025-08-07 13:41:59,952 INFO     ___FILE_ONLY___ ═
2025-08-07 13:41:59,952 INFO     ___FILE_ONLY___ ═
2025-08-07 13:41:59,952 INFO     ___FILE_ONLY___ ═
2025-08-07 13:41:59,952 INFO     ___FILE_ONLY___ ═
2025-08-07 13:41:59,953 INFO     ___FILE_ONLY___ ═
2025-08-07 13:41:59,953 INFO     ___FILE_ONLY___ ═
2025-08-07 13:41:59,953 INFO     ___FILE_ONLY___ ═
2025-08-07 13:41:59,953 INFO     ___FILE_ONLY___ ═
2025-08-07 13:41:59,954 INFO     ___FILE_ONLY___ ═
2025-08-07 13:41:59,954 INFO     ___FILE_ONLY___ ═
2025-08-07 13:41:59,954 INFO     ___FILE_ONLY___ ═
2025-08-07 13:41:59,955 INFO     ___FILE_ONLY___ ═
2025-08-07 13:41:59,955 INFO     ___FILE_ONLY___ ═
2025-08-07 13:41:59,955 INFO     ___FILE_ONLY___ ═
2025-08-07 13:41:59,955 INFO     ___FILE_ONLY___ ═
2025-08-07 13:41:59,956 INFO     ___FILE_ONLY___ ═
2025-08-07 13:41:59,956 INFO     ___FILE_ONLY___ ═
2025-08-07 13:41:59,956 INFO     ___FILE_ONLY___ ═
2025-08-07 13:41:59,956 INFO     ___FILE_ONLY___ ═
2025-08-07 13:41:59,957 INFO     ___FILE_ONLY___ ═
2025-08-07 13:41:59,957 INFO     ___FILE_ONLY___ ═
2025-08-07 13:41:59,957 INFO     ___FILE_ONLY___ ═
2025-08-07 13:41:59,957 INFO     ___FILE_ONLY___ ═
2025-08-07 13:41:59,958 INFO     ___FILE_ONLY___ ═
2025-08-07 13:41:59,958 INFO     ___FILE_ONLY___ ═
2025-08-07 13:41:59,958 INFO     ___FILE_ONLY___ ═
2025-08-07 13:41:59,958 INFO     ___FILE_ONLY___ ═
2025-08-07 13:41:59,959 INFO     ___FILE_ONLY___ ═
2025-08-07 13:41:59,959 INFO     ___FILE_ONLY___ ═
2025-08-07 13:41:59,959 INFO     ___FILE_ONLY___ ═
2025-08-07 13:41:59,960 INFO     ___FILE_ONLY___ ═
2025-08-07 13:41:59,960 INFO     ___FILE_ONLY___ ═
2025-08-07 13:41:59,960 INFO     ___FILE_ONLY___ ═
2025-08-07 13:41:59,960 INFO     ___FILE_ONLY___ ═
2025-08-07 13:41:59,961 INFO     ___FILE_ONLY___ ═
2025-08-07 13:41:59,961 INFO     ___FILE_ONLY___ ═
2025-08-07 13:41:59,961 INFO     ___FILE_ONLY___ ═
2025-08-07 13:41:59,961 INFO     ___FILE_ONLY___ ═
2025-08-07 13:41:59,962 INFO     ___FILE_ONLY___ ═
2025-08-07 13:41:59,962 INFO     ___FILE_ONLY___ ═
2025-08-07 13:41:59,962 INFO     ___FILE_ONLY___ ═
2025-08-07 13:41:59,963 INFO     ___FILE_ONLY___ ═
2025-08-07 13:41:59,963 INFO     ___FILE_ONLY___ ═
2025-08-07 13:41:59,963 INFO     ___FILE_ONLY___ ═
2025-08-07 13:41:59,963 INFO     ___FILE_ONLY___ ═
2025-08-07 13:41:59,964 INFO     ___FILE_ONLY___ ═
2025-08-07 13:41:59,964 INFO     ___FILE_ONLY___ ═
2025-08-07 13:41:59,964 INFO     ___FILE_ONLY___ ═
2025-08-07 13:41:59,964 INFO     ___FILE_ONLY___ ═
2025-08-07 13:41:59,965 INFO     ___FILE_ONLY___ ═
2025-08-07 13:41:59,965 INFO     ___FILE_ONLY___ ═
2025-08-07 13:41:59,965 INFO     ___FILE_ONLY___ ═
2025-08-07 13:41:59,966 INFO     ___FILE_ONLY___ ═
2025-08-07 13:41:59,966 INFO     ___FILE_ONLY___ ═
2025-08-07 13:41:59,966 INFO     ___FILE_ONLY___ ╝

2025-08-07 13:41:59,968 INFO     ___FILE_ONLY___ ╔════════════════════════════════════════════════════════════╗

2025-08-07 13:41:59,968 INFO     ___FILE_ONLY___ ╠═ Downloading: Cloud Storage Command Line Tool (Platfor... ═╣

2025-08-07 13:41:59,968 INFO     ___FILE_ONLY___ ╚
2025-08-07 13:41:59,971 DEBUG    urllib3.connectionpool Starting new HTTPS connection (1): dl.google.com:443
2025-08-07 13:41:59,984 DEBUG    urllib3.connectionpool https://dl.google.com:443 "GET /dl/cloudsdk/channels/rapid/components/google-cloud-sdk-gsutil-nix-20250523104322.tar.gz HTTP/11" 200 1950
2025-08-07 13:41:59,984 INFO     ___FILE_ONLY___ ════════════════════════════════════════════════════════════
2025-08-07 13:41:59,984 INFO     ___FILE_ONLY___ ╝

2025-08-07 13:41:59,986 INFO     ___FILE_ONLY___ ╔════════════════════════════════════════════════════════════╗

2025-08-07 13:41:59,986 INFO     ___FILE_ONLY___ ╠═ Downloading: Default set of gcloud commands              ═╣

2025-08-07 13:41:59,986 INFO     ___FILE_ONLY___ ╚
2025-08-07 13:41:59,986 INFO     ___FILE_ONLY___ ════════════════════════════════════════════════════════════
2025-08-07 13:41:59,986 INFO     ___FILE_ONLY___ ╝

2025-08-07 13:41:59,988 INFO     ___FILE_ONLY___ ╔════════════════════════════════════════════════════════════╗

2025-08-07 13:41:59,988 INFO     ___FILE_ONLY___ ╠═ Downloading: Google Cloud CLI Core Libraries (Platfor... ═╣

2025-08-07 13:41:59,988 INFO     ___FILE_ONLY___ ╚
2025-08-07 13:41:59,991 DEBUG    urllib3.connectionpool Starting new HTTPS connection (1): dl.google.com:443
2025-08-07 13:42:00,000 DEBUG    urllib3.connectionpool https://dl.google.com:443 "GET /dl/cloudsdk/channels/rapid/components/google-cloud-sdk-core-nix-20250523104322.tar.gz HTTP/11" 200 2325
2025-08-07 13:42:00,001 INFO     ___FILE_ONLY___ ════════════════════════════════════════════════════════════
2025-08-07 13:42:00,001 INFO     ___FILE_ONLY___ ╝

2025-08-07 13:42:00,002 INFO     ___FILE_ONLY___ ╔════════════════════════════════════════════════════════════╗

2025-08-07 13:42:00,002 INFO     ___FILE_ONLY___ ╠═ Downloading: Google Cloud CRC32C Hash Tool               ═╣

2025-08-07 13:42:00,002 INFO     ___FILE_ONLY___ ╚
2025-08-07 13:42:00,003 INFO     ___FILE_ONLY___ ════════════════════════════════════════════════════════════
2025-08-07 13:42:00,003 INFO     ___FILE_ONLY___ ╝

2025-08-07 13:42:00,004 INFO     ___FILE_ONLY___ ╔════════════════════════════════════════════════════════════╗

2025-08-07 13:42:00,004 INFO     ___FILE_ONLY___ ╠═ Downloading: Google Cloud CRC32C Hash Tool (Platform ... ═╣

2025-08-07 13:42:00,004 INFO     ___FILE_ONLY___ ╚
2025-08-07 13:42:00,008 DEBUG    urllib3.connectionpool Starting new HTTPS connection (1): dl.google.com:443
2025-08-07 13:42:00,019 DEBUG    urllib3.connectionpool https://dl.google.com:443 "GET /dl/cloudsdk/channels/rapid/components/google-cloud-sdk-gcloud-crc32c-linux-x86_64-20250613150750.tar.gz HTTP/11" 200 1525557
2025-08-07 13:42:00,029 INFO     ___FILE_ONLY___ ═
2025-08-07 13:42:00,029 INFO     ___FILE_ONLY___ ═
2025-08-07 13:42:00,029 INFO     ___FILE_ONLY___ ═
2025-08-07 13:42:00,029 INFO     ___FILE_ONLY___ ═
2025-08-07 13:42:00,029 INFO     ___FILE_ONLY___ ═
2025-08-07 13:42:00,029 INFO     ___FILE_ONLY___ ═
2025-08-07 13:42:00,029 INFO     ___FILE_ONLY___ ═
2025-08-07 13:42:00,029 INFO     ___FILE_ONLY___ ═
2025-08-07 13:42:00,030 INFO     ___FILE_ONLY___ ═
2025-08-07 13:42:00,030 INFO     ___FILE_ONLY___ ═
2025-08-07 13:42:00,030 INFO     ___FILE_ONLY___ ═
2025-08-07 13:42:00,030 INFO     ___FILE_ONLY___ ═
2025-08-07 13:42:00,030 INFO     ___FILE_ONLY___ ═
2025-08-07 13:42:00,030 INFO     ___FILE_ONLY___ ═
2025-08-07 13:42:00,030 INFO     ___FILE_ONLY___ ═
2025-08-07 13:42:00,030 INFO     ___FILE_ONLY___ ═
2025-08-07 13:42:00,030 INFO     ___FILE_ONLY___ ═
2025-08-07 13:42:00,030 INFO     ___FILE_ONLY___ ═
2025-08-07 13:42:00,030 INFO     ___FILE_ONLY___ ═
2025-08-07 13:42:00,030 INFO     ___FILE_ONLY___ ═
2025-08-07 13:42:00,030 INFO     ___FILE_ONLY___ ═
2025-08-07 13:42:00,031 INFO     ___FILE_ONLY___ ═
2025-08-07 13:42:00,031 INFO     ___FILE_ONLY___ ═
2025-08-07 13:42:00,031 INFO     ___FILE_ONLY___ ═
2025-08-07 13:42:00,031 INFO     ___FILE_ONLY___ ═
2025-08-07 13:42:00,031 INFO     ___FILE_ONLY___ ═
2025-08-07 13:42:00,031 INFO     ___FILE_ONLY___ ═
2025-08-07 13:42:00,031 INFO     ___FILE_ONLY___ ═
2025-08-07 13:42:00,031 INFO     ___FILE_ONLY___ ═
2025-08-07 13:42:00,031 INFO     ___FILE_ONLY___ ═
2025-08-07 13:42:00,031 INFO     ___FILE_ONLY___ ═
2025-08-07 13:42:00,031 INFO     ___FILE_ONLY___ ═
2025-08-07 13:42:00,031 INFO     ___FILE_ONLY___ ═
2025-08-07 13:42:00,031 INFO     ___FILE_ONLY___ ═
2025-08-07 13:42:00,032 INFO     ___FILE_ONLY___ ═
2025-08-07 13:42:00,032 INFO     ___FILE_ONLY___ ═
2025-08-07 13:42:00,032 INFO     ___FILE_ONLY___ ═
2025-08-07 13:42:00,032 INFO     ___FILE_ONLY___ ═
2025-08-07 13:42:00,032 INFO     ___FILE_ONLY___ ═
2025-08-07 13:42:00,032 INFO     ___FILE_ONLY___ ═
2025-08-07 13:42:00,032 INFO     ___FILE_ONLY___ ═
2025-08-07 13:42:00,032 INFO     ___FILE_ONLY___ ═
2025-08-07 13:42:00,032 INFO     ___FILE_ONLY___ ═
2025-08-07 13:42:00,032 INFO     ___FILE_ONLY___ ═
2025-08-07 13:42:00,032 INFO     ___FILE_ONLY___ ═
2025-08-07 13:42:00,032 INFO     ___FILE_ONLY___ ═
2025-08-07 13:42:00,032 INFO     ___FILE_ONLY___ ═
2025-08-07 13:42:00,033 INFO     ___FILE_ONLY___ ═
2025-08-07 13:42:00,033 INFO     ___FILE_ONLY___ ═
2025-08-07 13:42:00,033 INFO     ___FILE_ONLY___ ═
2025-08-07 13:42:00,033 INFO     ___FILE_ONLY___ ═
2025-08-07 13:42:00,033 INFO     ___FILE_ONLY___ ═
2025-08-07 13:42:00,033 INFO     ___FILE_ONLY___ ═
2025-08-07 13:42:00,033 INFO     ___FILE_ONLY___ ═
2025-08-07 13:42:00,033 INFO     ___FILE_ONLY___ ═
2025-08-07 13:42:00,033 INFO     ___FILE_ONLY___ ═
2025-08-07 13:42:00,033 INFO     ___FILE_ONLY___ ═
2025-08-07 13:42:00,033 INFO     ___FILE_ONLY___ ═
2025-08-07 13:42:00,033 INFO     ___FILE_ONLY___ ═
2025-08-07 13:42:00,033 INFO     ___FILE_ONLY___ ═
2025-08-07 13:42:00,033 INFO     ___FILE_ONLY___ ╝

2025-08-07 13:42:00,035 INFO     ___FILE_ONLY___ ╔════════════════════════════════════════════════════════════╗

2025-08-07 13:42:00,035 INFO     ___FILE_ONLY___ ╠═ Downloading: gcloud cli dependencies (Platform Specific) ═╣

2025-08-07 13:42:00,035 INFO     ___FILE_ONLY___ ╚
2025-08-07 13:42:00,038 DEBUG    urllib3.connectionpool Starting new HTTPS connection (1): dl.google.com:443
2025-08-07 13:42:00,066 DEBUG    urllib3.connectionpool https://dl.google.com:443 "GET /dl/cloudsdk/channels/rapid/components/google-cloud-sdk-gcloud-deps-linux-x86_64-20210416153011.tar.gz HTTP/11" 200 104
2025-08-07 13:42:00,067 INFO     ___FILE_ONLY___ ════════════════════════════════════════════════════════════
2025-08-07 13:42:00,067 INFO     ___FILE_ONLY___ ╝

2025-08-07 13:42:00,069 INFO     ___FILE_ONLY___ ╔════════════════════════════════════════════════════════════╗

2025-08-07 13:42:00,069 INFO     ___FILE_ONLY___ ╠═ Installing: BigQuery Command Line Tool                   ═╣

2025-08-07 13:42:00,069 INFO     ___FILE_ONLY___ ╚
2025-08-07 13:42:00,162 INFO     ___FILE_ONLY___ ═
2025-08-07 13:42:00,164 INFO     ___FILE_ONLY___ ═
2025-08-07 13:42:00,166 INFO     ___FILE_ONLY___ ═
2025-08-07 13:42:00,168 INFO     ___FILE_ONLY___ ═
2025-08-07 13:42:00,171 INFO     ___FILE_ONLY___ ═
2025-08-07 13:42:00,173 INFO     ___FILE_ONLY___ ═
2025-08-07 13:42:00,176 INFO     ___FILE_ONLY___ ═
2025-08-07 13:42:00,177 INFO     ___FILE_ONLY___ ═
2025-08-07 13:42:00,179 INFO     ___FILE_ONLY___ ═
2025-08-07 13:42:00,181 INFO     ___FILE_ONLY___ ═
2025-08-07 13:42:00,184 INFO     ___FILE_ONLY___ ═
2025-08-07 13:42:00,185 INFO     ___FILE_ONLY___ ═
2025-08-07 13:42:00,187 INFO     ___FILE_ONLY___ ═
2025-08-07 13:42:00,190 INFO     ___FILE_ONLY___ ═
2025-08-07 13:42:00,191 INFO     ___FILE_ONLY___ ═
2025-08-07 13:42:00,194 INFO     ___FILE_ONLY___ ═
2025-08-07 13:42:00,196 INFO     ___FILE_ONLY___ ═
2025-08-07 13:42:00,198 INFO     ___FILE_ONLY___ ═
2025-08-07 13:42:00,200 INFO     ___FILE_ONLY___ ═
2025-08-07 13:42:00,203 INFO     ___FILE_ONLY___ ═
2025-08-07 13:42:00,205 INFO     ___FILE_ONLY___ ═
2025-08-07 13:42:00,207 INFO     ___FILE_ONLY___ ═
2025-08-07 13:42:00,210 INFO     ___FILE_ONLY___ ═
2025-08-07 13:42:00,211 INFO     ___FILE_ONLY___ ═
2025-08-07 13:42:00,213 INFO     ___FILE_ONLY___ ═
2025-08-07 13:42:00,215 INFO     ___FILE_ONLY___ ═
2025-08-07 13:42:00,217 INFO     ___FILE_ONLY___ ═
2025-08-07 13:42:00,219 INFO     ___FILE_ONLY___ ═
2025-08-07 13:42:00,221 INFO     ___FILE_ONLY___ ═
2025-08-07 13:42:00,225 INFO     ___FILE_ONLY___ ═
2025-08-07 13:42:00,226 INFO     ___FILE_ONLY___ ═
2025-08-07 13:42:00,228 INFO     ___FILE_ONLY___ ═
2025-08-07 13:42:00,230 INFO     ___FILE_ONLY___ ═
2025-08-07 13:42:00,233 INFO     ___FILE_ONLY___ ═
2025-08-07 13:42:00,236 INFO     ___FILE_ONLY___ ═
2025-08-07 13:42:00,243 INFO     ___FILE_ONLY___ ═
2025-08-07 13:42:00,248 INFO     ___FILE_ONLY___ ═
2025-08-07 13:42:00,252 INFO     ___FILE_ONLY___ ═
2025-08-07 13:42:00,254 INFO     ___FILE_ONLY___ ═
2025-08-07 13:42:00,256 INFO     ___FILE_ONLY___ ═
2025-08-07 13:42:00,259 INFO     ___FILE_ONLY___ ═
2025-08-07 13:42:00,260 INFO     ___FILE_ONLY___ ═
2025-08-07 13:42:00,264 INFO     ___FILE_ONLY___ ═
2025-08-07 13:42:00,267 INFO     ___FILE_ONLY___ ═
2025-08-07 13:42:00,269 INFO     ___FILE_ONLY___ ═
2025-08-07 13:42:00,271 INFO     ___FILE_ONLY___ ═
2025-08-07 13:42:00,273 INFO     ___FILE_ONLY___ ═
2025-08-07 13:42:00,275 INFO     ___FILE_ONLY___ ═
2025-08-07 13:42:00,277 INFO     ___FILE_ONLY___ ═
2025-08-07 13:42:00,279 INFO     ___FILE_ONLY___ ═
2025-08-07 13:42:00,281 INFO     ___FILE_ONLY___ ═
2025-08-07 13:42:00,283 INFO     ___FILE_ONLY___ ═
2025-08-07 13:42:00,285 INFO     ___FILE_ONLY___ ═
2025-08-07 13:42:00,288 INFO     ___FILE_ONLY___ ═
2025-08-07 13:42:00,290 INFO     ___FILE_ONLY___ ═
2025-08-07 13:42:00,292 INFO     ___FILE_ONLY___ ═
2025-08-07 13:42:00,294 INFO     ___FILE_ONLY___ ═
2025-08-07 13:42:00,296 INFO     ___FILE_ONLY___ ═
2025-08-07 13:42:00,297 INFO     ___FILE_ONLY___ ═
2025-08-07 13:42:00,299 INFO     ___FILE_ONLY___ ═
2025-08-07 13:42:00,299 INFO     ___FILE_ONLY___ ╝

2025-08-07 13:42:00,307 INFO     ___FILE_ONLY___ ╔════════════════════════════════════════════════════════════╗

2025-08-07 13:42:00,307 INFO     ___FILE_ONLY___ ╠═ Installing: BigQuery Command Line Tool (Platform Spec... ═╣

2025-08-07 13:42:00,307 INFO     ___FILE_ONLY___ ╚
2025-08-07 13:42:00,308 INFO     ___FILE_ONLY___ ════════════════════════════════════════════════════════════
2025-08-07 13:42:00,308 INFO     ___FILE_ONLY___ ╝

2025-08-07 13:42:00,312 INFO     ___FILE_ONLY___ ╔════════════════════════════════════════════════════════════╗

2025-08-07 13:42:00,312 INFO     ___FILE_ONLY___ ╠═ Installing: Bundled Python 3.12                          ═╣

2025-08-07 13:42:00,312 INFO     ___FILE_ONLY___ ╚
2025-08-07 13:42:00,316 INFO     ___FILE_ONLY___ ════════════════════════════════════════════════════════════
2025-08-07 13:42:00,316 INFO     ___FILE_ONLY___ ╝

2025-08-07 13:42:00,318 INFO     ___FILE_ONLY___ ╔════════════════════════════════════════════════════════════╗

2025-08-07 13:42:00,318 INFO     ___FILE_ONLY___ ╠═ Installing: Bundled Python 3.12 (Platform Specific)      ═╣

2025-08-07 13:42:00,318 INFO     ___FILE_ONLY___ ╚
2025-08-07 13:42:02,535 INFO     ___FILE_ONLY___ ═
2025-08-07 13:42:02,546 INFO     ___FILE_ONLY___ ═
2025-08-07 13:42:02,557 INFO     ___FILE_ONLY___ ═
2025-08-07 13:42:02,568 INFO     ___FILE_ONLY___ ═
2025-08-07 13:42:02,580 INFO     ___FILE_ONLY___ ═
2025-08-07 13:42:02,592 INFO     ___FILE_ONLY___ ═
2025-08-07 13:42:02,604 INFO     ___FILE_ONLY___ ═
2025-08-07 13:42:02,615 INFO     ___FILE_ONLY___ ═
2025-08-07 13:42:02,626 INFO     ___FILE_ONLY___ ═
2025-08-07 13:42:02,638 INFO     ___FILE_ONLY___ ═
2025-08-07 13:42:02,649 INFO     ___FILE_ONLY___ ═
2025-08-07 13:42:02,660 INFO     ___FILE_ONLY___ ═
2025-08-07 13:42:02,672 INFO     ___FILE_ONLY___ ═
2025-08-07 13:42:02,684 INFO     ___FILE_ONLY___ ═
2025-08-07 13:42:02,695 INFO     ___FILE_ONLY___ ═
2025-08-07 13:42:02,707 INFO     ___FILE_ONLY___ ═
2025-08-07 13:42:02,718 INFO     ___FILE_ONLY___ ═
2025-08-07 13:42:02,730 INFO     ___FILE_ONLY___ ═
2025-08-07 13:42:02,741 INFO     ___FILE_ONLY___ ═
2025-08-07 13:42:02,753 INFO     ___FILE_ONLY___ ═
2025-08-07 13:42:02,764 INFO     ___FILE_ONLY___ ═
2025-08-07 13:42:02,776 INFO     ___FILE_ONLY___ ═
2025-08-07 13:42:02,787 INFO     ___FILE_ONLY___ ═
2025-08-07 13:42:02,799 INFO     ___FILE_ONLY___ ═
2025-08-07 13:42:02,811 INFO     ___FILE_ONLY___ ═
2025-08-07 13:42:02,822 INFO     ___FILE_ONLY___ ═
2025-08-07 13:42:02,834 INFO     ___FILE_ONLY___ ═
2025-08-07 13:42:02,845 INFO     ___FILE_ONLY___ ═
2025-08-07 13:42:02,857 INFO     ___FILE_ONLY___ ═
2025-08-07 13:42:02,868 INFO     ___FILE_ONLY___ ═
2025-08-07 13:42:02,880 INFO     ___FILE_ONLY___ ═
2025-08-07 13:42:02,892 INFO     ___FILE_ONLY___ ═
2025-08-07 13:42:02,903 INFO     ___FILE_ONLY___ ═
2025-08-07 13:42:02,916 INFO     ___FILE_ONLY___ ═
2025-08-07 13:42:02,931 INFO     ___FILE_ONLY___ ═
2025-08-07 13:42:02,945 INFO     ___FILE_ONLY___ ═
2025-08-07 13:42:03,803 INFO     ___FILE_ONLY___ ═
2025-08-07 13:42:03,826 INFO     ___FILE_ONLY___ ═
2025-08-07 13:42:04,319 INFO     ___FILE_ONLY___ ═
2025-08-07 13:42:04,336 INFO     ___FILE_ONLY___ ═
2025-08-07 13:42:04,357 INFO     ___FILE_ONLY___ ═
2025-08-07 13:42:04,381 INFO     ___FILE_ONLY___ ═
2025-08-07 13:42:04,399 INFO     ___FILE_ONLY___ ═
2025-08-07 13:42:04,425 INFO     ___FILE_ONLY___ ═
2025-08-07 13:42:04,444 INFO     ___FILE_ONLY___ ═
2025-08-07 13:42:04,462 INFO     ___FILE_ONLY___ ═
2025-08-07 13:42:04,478 INFO     ___FILE_ONLY___ ═
2025-08-07 13:42:04,494 INFO     ___FILE_ONLY___ ═
2025-08-07 13:42:04,582 INFO     ___FILE_ONLY___ ═
2025-08-07 13:42:04,599 INFO     ___FILE_ONLY___ ═
2025-08-07 13:42:04,736 INFO     ___FILE_ONLY___ ═
2025-08-07 13:42:04,752 INFO     ___FILE_ONLY___ ═
2025-08-07 13:42:04,768 INFO     ___FILE_ONLY___ ═
2025-08-07 13:42:04,784 INFO     ___FILE_ONLY___ ═
2025-08-07 13:42:04,798 INFO     ___FILE_ONLY___ ═
2025-08-07 13:42:04,816 INFO     ___FILE_ONLY___ ═
2025-08-07 13:42:04,832 INFO     ___FILE_ONLY___ ═
2025-08-07 13:42:04,847 INFO     ___FILE_ONLY___ ═
2025-08-07 13:42:04,874 INFO     ___FILE_ONLY___ ═
2025-08-07 13:42:05,357 INFO     ___FILE_ONLY___ ═
2025-08-07 13:42:05,357 INFO     ___FILE_ONLY___ ╝

2025-08-07 13:42:05,408 INFO     ___FILE_ONLY___ ╔════════════════════════════════════════════════════════════╗

2025-08-07 13:42:05,408 INFO     ___FILE_ONLY___ ╠═ Installing: Cloud Storage Command Line Tool              ═╣

2025-08-07 13:42:05,408 INFO     ___FILE_ONLY___ ╚
2025-08-07 13:42:05,956 INFO     ___FILE_ONLY___ ═
2025-08-07 13:42:05,968 INFO     ___FILE_ONLY___ ═
2025-08-07 13:42:05,979 INFO     ___FILE_ONLY___ ═
2025-08-07 13:42:05,989 INFO     ___FILE_ONLY___ ═
2025-08-07 13:42:05,998 INFO     ___FILE_ONLY___ ═
2025-08-07 13:42:06,033 INFO     ___FILE_ONLY___ ═
2025-08-07 13:42:06,045 INFO     ___FILE_ONLY___ ═
2025-08-07 13:42:06,061 INFO     ___FILE_ONLY___ ═
2025-08-07 13:42:06,075 INFO     ___FILE_ONLY___ ═
2025-08-07 13:42:06,090 INFO     ___FILE_ONLY___ ═
2025-08-07 13:42:06,106 INFO     ___FILE_ONLY___ ═
2025-08-07 13:42:06,117 INFO     ___FILE_ONLY___ ═
2025-08-07 13:42:06,128 INFO     ___FILE_ONLY___ ═
2025-08-07 13:42:06,136 INFO     ___FILE_ONLY___ ═
2025-08-07 13:42:06,146 INFO     ___FILE_ONLY___ ═
2025-08-07 13:42:06,162 INFO     ___FILE_ONLY___ ═
2025-08-07 13:42:06,175 INFO     ___FILE_ONLY___ ═
2025-08-07 13:42:06,184 INFO     ___FILE_ONLY___ ═
2025-08-07 13:42:06,196 INFO     ___FILE_ONLY___ ═
2025-08-07 13:42:06,206 INFO     ___FILE_ONLY___ ═
2025-08-07 13:42:06,216 INFO     ___FILE_ONLY___ ═
2025-08-07 13:42:06,228 INFO     ___FILE_ONLY___ ═
2025-08-07 13:42:06,238 INFO     ___FILE_ONLY___ ═
2025-08-07 13:42:06,249 INFO     ___FILE_ONLY___ ═
2025-08-07 13:42:06,258 INFO     ___FILE_ONLY___ ═
2025-08-07 13:42:06,268 INFO     ___FILE_ONLY___ ═
2025-08-07 13:42:06,278 INFO     ___FILE_ONLY___ ═
2025-08-07 13:42:06,291 INFO     ___FILE_ONLY___ ═
2025-08-07 13:42:06,307 INFO     ___FILE_ONLY___ ═
2025-08-07 13:42:06,319 INFO     ___FILE_ONLY___ ═
2025-08-07 13:42:06,331 INFO     ___FILE_ONLY___ ═
2025-08-07 13:42:06,351 INFO     ___FILE_ONLY___ ═
2025-08-07 13:42:06,366 INFO     ___FILE_ONLY___ ═
2025-08-07 13:42:06,385 INFO     ___FILE_ONLY___ ═
2025-08-07 13:42:06,403 INFO     ___FILE_ONLY___ ═
2025-08-07 13:42:06,420 INFO     ___FILE_ONLY___ ═
2025-08-07 13:42:06,429 INFO     ___FILE_ONLY___ ═
2025-08-07 13:42:06,440 INFO     ___FILE_ONLY___ ═
2025-08-07 13:42:06,474 INFO     ___FILE_ONLY___ ═
2025-08-07 13:42:06,487 INFO     ___FILE_ONLY___ ═
2025-08-07 13:42:06,498 INFO     ___FILE_ONLY___ ═
2025-08-07 13:42:06,508 INFO     ___FILE_ONLY___ ═
2025-08-07 13:42:06,518 INFO     ___FILE_ONLY___ ═
2025-08-07 13:42:06,528 INFO     ___FILE_ONLY___ ═
2025-08-07 13:42:06,538 INFO     ___FILE_ONLY___ ═
2025-08-07 13:42:06,548 INFO     ___FILE_ONLY___ ═
2025-08-07 13:42:06,557 INFO     ___FILE_ONLY___ ═
2025-08-07 13:42:06,566 INFO     ___FILE_ONLY___ ═
2025-08-07 13:42:06,575 INFO     ___FILE_ONLY___ ═
2025-08-07 13:42:06,588 INFO     ___FILE_ONLY___ ═
2025-08-07 13:42:06,602 INFO     ___FILE_ONLY___ ═
2025-08-07 13:42:06,614 INFO     ___FILE_ONLY___ ═
2025-08-07 13:42:06,627 INFO     ___FILE_ONLY___ ═
2025-08-07 13:42:06,640 INFO     ___FILE_ONLY___ ═
2025-08-07 13:42:06,652 INFO     ___FILE_ONLY___ ═
2025-08-07 13:42:06,667 INFO     ___FILE_ONLY___ ═
2025-08-07 13:42:06,682 INFO     ___FILE_ONLY___ ═
2025-08-07 13:42:06,703 INFO     ___FILE_ONLY___ ═
2025-08-07 13:42:06,719 INFO     ___FILE_ONLY___ ═
2025-08-07 13:42:06,736 INFO     ___FILE_ONLY___ ═
2025-08-07 13:42:06,736 INFO     ___FILE_ONLY___ ╝

2025-08-07 13:42:06,766 INFO     ___FILE_ONLY___ ╔════════════════════════════════════════════════════════════╗

2025-08-07 13:42:06,766 INFO     ___FILE_ONLY___ ╠═ Installing: Cloud Storage Command Line Tool (Platform... ═╣

2025-08-07 13:42:06,766 INFO     ___FILE_ONLY___ ╚
2025-08-07 13:42:06,767 INFO     ___FILE_ONLY___ ════════════════════════════════════════════════════════════
2025-08-07 13:42:06,767 INFO     ___FILE_ONLY___ ╝

2025-08-07 13:42:06,771 INFO     ___FILE_ONLY___ ╔════════════════════════════════════════════════════════════╗

2025-08-07 13:42:06,771 INFO     ___FILE_ONLY___ ╠═ Installing: Default set of gcloud commands               ═╣

2025-08-07 13:42:06,772 INFO     ___FILE_ONLY___ ╚
2025-08-07 13:42:06,774 INFO     ___FILE_ONLY___ ════════════════════════════════════════════════════════════
2025-08-07 13:42:06,774 INFO     ___FILE_ONLY___ ╝

2025-08-07 13:42:06,776 INFO     ___FILE_ONLY___ ╔════════════════════════════════════════════════════════════╗

2025-08-07 13:42:06,776 INFO     ___FILE_ONLY___ ╠═ Installing: Google Cloud CLI Core Libraries (Platform... ═╣

2025-08-07 13:42:06,776 INFO     ___FILE_ONLY___ ╚
2025-08-07 13:42:06,777 INFO     ___FILE_ONLY___ ══════════════════════════════
2025-08-07 13:42:06,777 INFO     ___FILE_ONLY___ ══════════════════════════════
2025-08-07 13:42:06,777 INFO     ___FILE_ONLY___ ╝

2025-08-07 13:42:06,781 INFO     ___FILE_ONLY___ ╔════════════════════════════════════════════════════════════╗

2025-08-07 13:42:06,782 INFO     ___FILE_ONLY___ ╠═ Installing: Google Cloud CRC32C Hash Tool                ═╣

2025-08-07 13:42:06,782 INFO     ___FILE_ONLY___ ╚
2025-08-07 13:42:06,784 INFO     ___FILE_ONLY___ ════════════════════════════════════════════════════════════
2025-08-07 13:42:06,784 INFO     ___FILE_ONLY___ ╝

2025-08-07 13:42:06,786 INFO     ___FILE_ONLY___ ╔════════════════════════════════════════════════════════════╗

2025-08-07 13:42:06,786 INFO     ___FILE_ONLY___ ╠═ Installing: Google Cloud CRC32C Hash Tool (Platform S... ═╣

2025-08-07 13:42:06,786 INFO     ___FILE_ONLY___ ╚
2025-08-07 13:42:06,825 INFO     ___FILE_ONLY___ ══════════════════════════════
2025-08-07 13:42:06,825 INFO     ___FILE_ONLY___ ══════════════════════════════
2025-08-07 13:42:06,825 INFO     ___FILE_ONLY___ ╝

2025-08-07 13:42:06,830 INFO     ___FILE_ONLY___ ╔════════════════════════════════════════════════════════════╗

2025-08-07 13:42:06,830 INFO     ___FILE_ONLY___ ╠═ Installing: gcloud cli dependencies (Platform Specific)  ═╣

2025-08-07 13:42:06,830 INFO     ___FILE_ONLY___ ╚
2025-08-07 13:42:06,830 INFO     ___FILE_ONLY___ ════════════════════════════════════════════════════════════
2025-08-07 13:42:06,830 INFO     ___FILE_ONLY___ ╝

2025-08-07 13:42:06,835 DEBUG    root            Updating notification cache...
2025-08-07 13:42:06,836 INFO     ___FILE_ONLY___ 

2025-08-07 13:42:06,837 INFO     ___FILE_ONLY___ Performing post processing steps...
2025-08-07 13:42:06,838 DEBUG    root            Executing command: ['/tools/google-cloud-sdk/bin/gcloud', 'components', 'post-process']
2025-08-07 13:42:15,208 DEBUG    ___FILE_ONLY___ 
2025-08-07 13:42:15,208 DEBUG    ___FILE_ONLY___ 
2025-08-07 13:42:15,384 INFO     root            descriptor_list: [{'universeDomain': 'googleapis.com', 'universeShortName': '', 'authenticationDomain': 'auth.cloud.google.com', 'projectPrefix': '', 'cloudWebDomain': 'cloud.google.com', 'documentationDomain': 'cloud.google.com', 'version': '1.0.0', 'state': 'primary', 'artifactRegistryDomain': 'pkg.dev'}]
2025-08-07 13:42:15,385 INFO     ___FILE_ONLY___ 
Update done!


2025-08-07 13:42:15,387 DEBUG    root            Chosen display Format:none
2025-08-07 13:42:15,388 INFO     root            Display format: "none"
